[2017-04-05 13:07:26] microCMS.INFO: Matched route "{route}". {"route":"article","route_parameters":{"_controller":"microCMS\\Controller\\HomeController::articleAction","id":"1","_route":"article"},"request_uri":"http://projet3/article/1","method":"GET"} []
[2017-04-05 13:07:32] microCMS.INFO: Matched route "{route}". {"route":"home","route_parameters":{"_controller":"microCMS\\Controller\\HomeController::indexAction","_route":"home"},"request_uri":"http://projet3/","method":"GET"} []
[2017-04-05 13:07:36] microCMS.INFO: Matched route "{route}". {"route":"logout","route_parameters":{"_controller":null,"_route":"logout"},"request_uri":"http://projet3/logout","method":"GET"} []
[2017-04-05 13:07:36] microCMS.INFO: Matched route "{route}". {"route":"home","route_parameters":{"_controller":"microCMS\\Controller\\HomeController::indexAction","_route":"home"},"request_uri":"http://projet3/","method":"GET"} []
[2017-04-05 13:07:36] microCMS.INFO: Populated the TokenStorage with an anonymous Token. [] []
[2017-04-05 13:07:39] microCMS.INFO: Matched route "{route}". {"route":"login","route_parameters":{"_controller":"microCMS\\Controller\\HomeController::loginAction","_route":"login"},"request_uri":"http://projet3/login","method":"GET"} []
[2017-04-05 13:07:39] microCMS.INFO: Populated the TokenStorage with an anonymous Token. [] []
[2017-04-05 13:07:51] microCMS.INFO: Matched route "{route}". {"route":"login_check","route_parameters":{"_controller":null,"_route":"login_check"},"request_uri":"http://projet3/login_check","method":"POST"} []
[2017-04-05 13:07:52] microCMS.INFO: User has been authenticated successfully. {"username":"admin"} []
[2017-04-05 13:07:53] microCMS.INFO: Matched route "{route}". {"route":"home","route_parameters":{"_controller":"microCMS\\Controller\\HomeController::indexAction","_route":"home"},"request_uri":"http://projet3/","method":"GET"} []
[2017-04-05 13:07:55] microCMS.INFO: Matched route "{route}". {"route":"admin","route_parameters":{"_controller":"microCMS\\Controller\\AdminController::indexAction","_route":"admin"},"request_uri":"http://projet3/admin","method":"GET"} []
[2017-04-05 13:08:01] microCMS.INFO: Matched route "{route}". {"route":"admin_article_edit","route_parameters":{"_controller":"microCMS\\Controller\\AdminController::editArticleAction","id":"7","_route":"admin_article_edit"},"request_uri":"http://projet3/admin/article/7/edit","method":"GET"} []
[2017-04-05 13:08:05] microCMS.INFO: Matched route "{route}". {"route":"admin_article_edit","route_parameters":{"_controller":"microCMS\\Controller\\AdminController::editArticleAction","id":"7","_route":"admin_article_edit"},"request_uri":"http://projet3/admin/article/7/edit","method":"POST"} []
[2017-04-05 13:08:32] microCMS.INFO: Matched route "{route}". {"route":"admin_article_edit","route_parameters":{"_controller":"microCMS\\Controller\\AdminController::editArticleAction","id":"7","_route":"admin_article_edit"},"request_uri":"http://projet3/admin/article/7/edit","method":"POST"} []
[2017-04-05 13:09:49] microCMS.INFO: Matched route "{route}". {"route":"admin_article_edit","route_parameters":{"_controller":"microCMS\\Controller\\AdminController::editArticleAction","id":"7","_route":"admin_article_edit"},"request_uri":"http://projet3/admin/article/7/edit","method":"POST"} []
[2017-04-05 13:10:05] microCMS.INFO: Matched route "{route}". {"route":"home","route_parameters":{"_controller":"microCMS\\Controller\\HomeController::indexAction","_route":"home"},"request_uri":"http://projet3/","method":"GET"} []
[2017-04-05 13:14:12] microCMS.INFO: Matched route "{route}". {"route":"admin","route_parameters":{"_controller":"microCMS\\Controller\\AdminController::indexAction","_route":"admin"},"request_uri":"http://projet3/admin","method":"GET"} []
[2017-04-05 13:14:25] microCMS.INFO: Matched route "{route}". {"route":"admin_user_edit","route_parameters":{"_controller":"microCMS\\Controller\\AdminController::editUserAction","id":"3","_route":"admin_user_edit"},"request_uri":"http://projet3/admin/user/3/edit","method":"GET"} []
[2017-04-05 13:15:40] microCMS.INFO: Matched route "{route}". {"route":"admin_user_edit","route_parameters":{"_controller":"microCMS\\Controller\\AdminController::editUserAction","id":"3","_route":"admin_user_edit"},"request_uri":"http://projet3/admin/user/3/edit","method":"GET"} []
[2017-04-05 13:16:26] microCMS.INFO: Matched route "{route}". {"route":"admin_user_edit","route_parameters":{"_controller":"microCMS\\Controller\\AdminController::editUserAction","id":"3","_route":"admin_user_edit"},"request_uri":"http://projet3/admin/user/3/edit","method":"GET"} []
[2017-04-05 13:17:11] microCMS.INFO: Matched route "{route}". {"route":"admin_user_edit","route_parameters":{"_controller":"microCMS\\Controller\\AdminController::editUserAction","id":"3","_route":"admin_user_edit"},"request_uri":"http://projet3/admin/user/3/edit","method":"GET"} []
[2017-04-05 13:17:21] microCMS.INFO: Matched route "{route}". {"route":"admin_user_edit","route_parameters":{"_controller":"microCMS\\Controller\\AdminController::editUserAction","id":"3","_route":"admin_user_edit"},"request_uri":"http://projet3/admin/user/3/edit","method":"GET"} []
[2017-04-05 13:17:57] microCMS.INFO: Matched route "{route}". {"route":"admin_user_edit","route_parameters":{"_controller":"microCMS\\Controller\\AdminController::editUserAction","id":"3","_route":"admin_user_edit"},"request_uri":"http://projet3/admin/user/3/edit","method":"GET"} []
[2017-04-05 14:23:57] microCMS.INFO: Matched route "{route}". {"route":"admin_user_edit","route_parameters":{"_controller":"microCMS\\Controller\\AdminController::editUserAction","id":"3","_route":"admin_user_edit"},"request_uri":"http://projet3/admin/user/3/edit","method":"GET"} []
[2017-04-05 14:24:25] microCMS.INFO: Matched route "{route}". {"route":"admin","route_parameters":{"_controller":"microCMS\\Controller\\AdminController::indexAction","_route":"admin"},"request_uri":"http://projet3/admin","method":"GET"} []
[2017-04-05 14:24:32] microCMS.INFO: Matched route "{route}". {"route":"article","route_parameters":{"_controller":"microCMS\\Controller\\HomeController::articleAction","id":"13","_route":"article"},"request_uri":"http://projet3/article/13","method":"GET"} []
[2017-04-05 14:25:05] microCMS.INFO: Matched route "{route}". {"route":"article","route_parameters":{"_controller":"microCMS\\Controller\\HomeController::articleAction","id":"13","_route":"article"},"request_uri":"http://projet3/article/13","method":"GET"} []
[2017-04-05 14:25:09] microCMS.INFO: Matched route "{route}". {"route":"admin","route_parameters":{"_controller":"microCMS\\Controller\\AdminController::indexAction","_route":"admin"},"request_uri":"http://projet3/admin","method":"GET"} []
[2017-04-05 14:25:13] microCMS.INFO: Matched route "{route}". {"route":"admin_article_add","route_parameters":{"_controller":"microCMS\\Controller\\AdminController::addArticleAction","_route":"admin_article_add"},"request_uri":"http://projet3/admin/article/add","method":"GET"} []
[2017-04-05 14:25:13] microCMS.CRITICAL: Symfony\Component\PropertyAccess\Exception\NoSuchPropertyException: Neither the property "Titre" nor one of the methods "getTitre()", "titre()", "isTitre()", "hasTitre()", "__get()" exist and have public access in class "microCMS\Domain\Article". (uncaught exception) at C:\devWeb\wamp\www\oc\php\architecture professionnelle\activit-livres\Projet3\vendor\symfony\property-access\PropertyAccessor.php line 505 {"exception":"[object] (Symfony\\Component\\PropertyAccess\\Exception\\NoSuchPropertyException(code: 0): Neither the property \"Titre\" nor one of the methods \"getTitre()\", \"titre()\", \"isTitre()\", \"hasTitre()\", \"__get()\" exist and have public access in class \"microCMS\\Domain\\Article\". at C:\\devWeb\\wamp\\www\\oc\\php\\architecture professionnelle\\activit-livres\\Projet3\\vendor\\symfony\\property-access\\PropertyAccessor.php:505)"} []
[2017-04-05 14:25:19] microCMS.INFO: Matched route "{route}". {"route":"admin_article_add","route_parameters":{"_controller":"microCMS\\Controller\\AdminController::addArticleAction","_route":"admin_article_add"},"request_uri":"http://projet3/admin/article/add","method":"GET"} []
[2017-04-05 14:26:52] microCMS.INFO: Matched route "{route}". {"route":"admin","route_parameters":{"_controller":"microCMS\\Controller\\AdminController::indexAction","_route":"admin"},"request_uri":"http://projet3/admin","method":"GET"} []
[2017-04-05 14:26:56] microCMS.INFO: Matched route "{route}". {"route":"admin","route_parameters":{"_controller":"microCMS\\Controller\\AdminController::indexAction","_route":"admin"},"request_uri":"http://projet3/admin","method":"GET"} []
[2017-04-05 14:28:56] microCMS.INFO: Matched route "{route}". {"route":"admin","route_parameters":{"_controller":"microCMS\\Controller\\AdminController::indexAction","_route":"admin"},"request_uri":"http://projet3/admin","method":"GET"} []
[2017-04-05 14:29:25] microCMS.INFO: Matched route "{route}". {"route":"admin","route_parameters":{"_controller":"microCMS\\Controller\\AdminController::indexAction","_route":"admin"},"request_uri":"http://projet3/admin","method":"GET"} []
[2017-04-05 14:29:48] microCMS.INFO: Matched route "{route}". {"route":"admin","route_parameters":{"_controller":"microCMS\\Controller\\AdminController::indexAction","_route":"admin"},"request_uri":"http://projet3/admin","method":"GET"} []
[2017-04-05 14:30:02] microCMS.INFO: Matched route "{route}". {"route":"article","route_parameters":{"_controller":"microCMS\\Controller\\HomeController::articleAction","id":"5","_route":"article"},"request_uri":"http://projet3/article/5","method":"GET"} []
[2017-04-05 14:30:12] microCMS.INFO: Matched route "{route}". {"route":"article","route_parameters":{"_controller":"microCMS\\Controller\\HomeController::articleAction","id":"3","_route":"article"},"request_uri":"http://projet3/article/3","method":"GET"} []
[2017-04-05 14:33:20] microCMS.INFO: Matched route "{route}". {"route":"article","route_parameters":{"_controller":"microCMS\\Controller\\HomeController::articleAction","id":"3","_route":"article"},"request_uri":"http://projet3/article/3","method":"GET"} []
[2017-04-05 14:33:29] microCMS.INFO: Matched route "{route}". {"route":"article","route_parameters":{"_controller":"microCMS\\Controller\\HomeController::articleAction","id":"3","_route":"article"},"request_uri":"http://projet3/article/3","method":"GET"} []
[2017-04-05 14:33:39] microCMS.INFO: Matched route "{route}". {"route":"admin","route_parameters":{"_controller":"microCMS\\Controller\\AdminController::indexAction","_route":"admin"},"request_uri":"http://projet3/admin","method":"GET"} []
[2017-04-05 14:33:45] microCMS.INFO: Matched route "{route}". {"route":"home","route_parameters":{"_controller":"microCMS\\Controller\\HomeController::indexAction","_route":"home"},"request_uri":"http://projet3/","method":"GET"} []
[2017-04-05 14:33:51] microCMS.INFO: Matched route "{route}". {"route":"admin","route_parameters":{"_controller":"microCMS\\Controller\\AdminController::indexAction","_route":"admin"},"request_uri":"http://projet3/admin","method":"GET"} []
[2017-04-05 14:33:59] microCMS.INFO: Matched route "{route}". {"route":"home","route_parameters":{"_controller":"microCMS\\Controller\\HomeController::indexAction","_route":"home"},"request_uri":"http://projet3/","method":"GET"} []
[2017-04-05 14:34:00] microCMS.INFO: Matched route "{route}". {"route":"article","route_parameters":{"_controller":"microCMS\\Controller\\HomeController::articleAction","id":"18","_route":"article"},"request_uri":"http://projet3/article/18","method":"GET"} []
[2017-04-05 14:38:39] microCMS.INFO: Matched route "{route}". {"route":"article","route_parameters":{"_controller":"microCMS\\Controller\\HomeController::articleAction","id":"18","_route":"article"},"request_uri":"http://projet3/article/18","method":"GET"} []
[2017-04-05 14:40:21] microCMS.INFO: Matched route "{route}". {"route":"article","route_parameters":{"_controller":"microCMS\\Controller\\HomeController::articleAction","id":"18","_route":"article"},"request_uri":"http://projet3/article/18","method":"GET"} []
[2017-04-05 14:43:05] microCMS.INFO: Matched route "{route}". {"route":"article","route_parameters":{"_controller":"microCMS\\Controller\\HomeController::articleAction","id":"18","_route":"article"},"request_uri":"http://projet3/article/18","method":"GET"} []
[2017-04-05 14:43:09] microCMS.INFO: Matched route "{route}". {"route":"home","route_parameters":{"_controller":"microCMS\\Controller\\HomeController::indexAction","_route":"home"},"request_uri":"http://projet3/","method":"GET"} []
[2017-04-05 14:43:15] microCMS.INFO: Matched route "{route}". {"route":"admin","route_parameters":{"_controller":"microCMS\\Controller\\AdminController::indexAction","_route":"admin"},"request_uri":"http://projet3/admin","method":"GET"} []
[2017-04-05 14:53:48] microCMS.INFO: Matched route "{route}". {"route":"admin_comment_edit","route_parameters":{"_controller":"microCMS\\Controller\\AdminController::editCommentAction","id":"6","_route":"admin_comment_edit"},"request_uri":"http://projet3/admin/comment/6/edit","method":"GET"} []
[2017-04-05 14:53:56] microCMS.INFO: Matched route "{route}". {"route":"admin_comment_edit","route_parameters":{"_controller":"microCMS\\Controller\\AdminController::editCommentAction","id":"6","_route":"admin_comment_edit"},"request_uri":"http://projet3/admin/comment/6/edit","method":"GET"} []
[2017-04-05 14:54:03] microCMS.INFO: Matched route "{route}". {"route":"admin_article_edit","route_parameters":{"_controller":"microCMS\\Controller\\AdminController::editArticleAction","id":"21","_route":"admin_article_edit"},"request_uri":"http://projet3/admin/article/21/edit","method":"GET"} []
[2017-04-05 14:54:09] microCMS.INFO: Matched route "{route}". {"route":"admin_article_edit","route_parameters":{"_controller":"microCMS\\Controller\\AdminController::editArticleAction","id":"21","_route":"admin_article_edit"},"request_uri":"http://projet3/admin/article/21/edit","method":"GET"} []
[2017-04-05 14:54:26] microCMS.INFO: Matched route "{route}". {"route":"admin_article_edit","route_parameters":{"_controller":"microCMS\\Controller\\AdminController::editArticleAction","id":"21","_route":"admin_article_edit"},"request_uri":"http://projet3/admin/article/21/edit","method":"GET"} []
[2017-04-05 14:54:26] microCMS.CRITICAL: Symfony\Component\PropertyAccess\Exception\NoSuchPropertyException: Neither the property "titre" nor one of the methods "getTitre()", "titre()", "isTitre()", "hasTitre()", "__get()" exist and have public access in class "microCMS\Domain\Article". (uncaught exception) at C:\devWeb\wamp\www\oc\php\architecture professionnelle\activit-livres\Projet3\vendor\symfony\property-access\PropertyAccessor.php line 505 {"exception":"[object] (Symfony\\Component\\PropertyAccess\\Exception\\NoSuchPropertyException(code: 0): Neither the property \"titre\" nor one of the methods \"getTitre()\", \"titre()\", \"isTitre()\", \"hasTitre()\", \"__get()\" exist and have public access in class \"microCMS\\Domain\\Article\". at C:\\devWeb\\wamp\\www\\oc\\php\\architecture professionnelle\\activit-livres\\Projet3\\vendor\\symfony\\property-access\\PropertyAccessor.php:505)"} []
[2017-04-05 14:54:40] microCMS.INFO: Matched route "{route}". {"route":"admin_article_edit","route_parameters":{"_controller":"microCMS\\Controller\\AdminController::editArticleAction","id":"21","_route":"admin_article_edit"},"request_uri":"http://projet3/admin/article/21/edit","method":"GET"} []
[2017-04-05 14:57:32] microCMS.INFO: Matched route "{route}". {"route":"admin_article_edit","route_parameters":{"_controller":"microCMS\\Controller\\AdminController::editArticleAction","id":"21","_route":"admin_article_edit"},"request_uri":"http://projet3/admin/article/21/edit","method":"GET"} []
[2017-04-05 14:57:40] microCMS.INFO: Matched route "{route}". {"route":"admin","route_parameters":{"_controller":"microCMS\\Controller\\AdminController::indexAction","_route":"admin"},"request_uri":"http://projet3/admin","method":"GET"} []
[2017-04-05 15:00:16] microCMS.INFO: Matched route "{route}". {"route":"admin","route_parameters":{"_controller":"microCMS\\Controller\\AdminController::indexAction","_route":"admin"},"request_uri":"http://projet3/admin","method":"GET"} []
[2017-04-05 15:00:22] microCMS.INFO: Matched route "{route}". {"route":"admin_article_edit","route_parameters":{"_controller":"microCMS\\Controller\\AdminController::editArticleAction","id":"21","_route":"admin_article_edit"},"request_uri":"http://projet3/admin/article/21/edit","method":"GET"} []
[2017-04-05 15:01:44] microCMS.INFO: Matched route "{route}". {"route":"admin","route_parameters":{"_controller":"microCMS\\Controller\\AdminController::indexAction","_route":"admin"},"request_uri":"http://projet3/admin","method":"GET"} []
[2017-04-05 15:02:59] microCMS.INFO: Matched route "{route}". {"route":"admin","route_parameters":{"_controller":"microCMS\\Controller\\AdminController::indexAction","_route":"admin"},"request_uri":"http://projet3/admin","method":"GET"} []
[2017-04-05 15:03:16] microCMS.INFO: Matched route "{route}". {"route":"admin_user_edit","route_parameters":{"_controller":"microCMS\\Controller\\AdminController::editUserAction","id":"3","_route":"admin_user_edit"},"request_uri":"http://projet3/admin/user/3/edit","method":"GET"} []
[2017-04-05 15:03:38] microCMS.INFO: Matched route "{route}". {"route":"admin","route_parameters":{"_controller":"microCMS\\Controller\\AdminController::indexAction","_route":"admin"},"request_uri":"http://projet3/admin","method":"GET"} []
[2017-04-05 15:03:58] microCMS.INFO: Matched route "{route}". {"route":"home","route_parameters":{"_controller":"microCMS\\Controller\\HomeController::indexAction","_route":"home"},"request_uri":"http://projet3/","method":"GET"} []
[2017-04-05 15:19:37] microCMS.INFO: Matched route "{route}". {"route":"home","route_parameters":{"_controller":"microCMS\\Controller\\HomeController::indexAction","_route":"home"},"request_uri":"http://projet3/","method":"GET"} []
[2017-04-05 15:19:44] microCMS.INFO: Matched route "{route}". {"route":"article","route_parameters":{"_controller":"microCMS\\Controller\\HomeController::articleAction","id":"5","_route":"article"},"request_uri":"http://projet3/article/5","method":"GET"} []
[2017-04-05 15:20:17] microCMS.INFO: Matched route "{route}". {"route":"home","route_parameters":{"_controller":"microCMS\\Controller\\HomeController::indexAction","_route":"home"},"request_uri":"http://projet3/","method":"GET"} []
[2017-04-05 15:20:46] microCMS.INFO: Matched route "{route}". {"route":"home","route_parameters":{"_controller":"microCMS\\Controller\\HomeController::indexAction","_route":"home"},"request_uri":"http://projet3/","method":"GET"} []
[2017-04-05 15:22:10] microCMS.INFO: Matched route "{route}". {"route":"home","route_parameters":{"_controller":"microCMS\\Controller\\HomeController::indexAction","_route":"home"},"request_uri":"http://projet3/","method":"GET"} []
[2017-04-05 15:22:15] microCMS.INFO: Matched route "{route}". {"route":"article","route_parameters":{"_controller":"microCMS\\Controller\\HomeController::articleAction","id":"17","_route":"article"},"request_uri":"http://projet3/article/17","method":"GET"} []
[2017-04-05 15:22:25] microCMS.INFO: Matched route "{route}". {"route":"home","route_parameters":{"_controller":"microCMS\\Controller\\HomeController::indexAction","_route":"home"},"request_uri":"http://projet3/","method":"GET"} []
[2017-04-05 15:22:30] microCMS.INFO: Matched route "{route}". {"route":"article","route_parameters":{"_controller":"microCMS\\Controller\\HomeController::articleAction","id":"21","_route":"article"},"request_uri":"http://projet3/article/21","method":"GET"} []
[2017-04-05 15:22:42] microCMS.INFO: Matched route "{route}". {"route":"home","route_parameters":{"_controller":"microCMS\\Controller\\HomeController::indexAction","_route":"home"},"request_uri":"http://projet3/","method":"GET"} []
[2017-04-05 15:22:54] microCMS.INFO: Matched route "{route}". {"route":"home","route_parameters":{"_controller":"microCMS\\Controller\\HomeController::indexAction","_route":"home"},"request_uri":"http://projet3/","method":"GET"} []
[2017-04-05 15:23:39] microCMS.INFO: Matched route "{route}". {"route":"home","route_parameters":{"_controller":"microCMS\\Controller\\HomeController::indexAction","_route":"home"},"request_uri":"http://projet3/","method":"GET"} []
[2017-04-05 15:23:43] microCMS.INFO: Matched route "{route}". {"route":"home","route_parameters":{"_controller":"microCMS\\Controller\\HomeController::indexAction","_route":"home"},"request_uri":"http://projet3/","method":"GET"} []
[2017-04-05 15:24:01] microCMS.INFO: Matched route "{route}". {"route":"home","route_parameters":{"_controller":"microCMS\\Controller\\HomeController::indexAction","_route":"home"},"request_uri":"http://projet3/","method":"GET"} []
[2017-04-05 15:24:07] microCMS.INFO: Matched route "{route}". {"route":"home","route_parameters":{"_controller":"microCMS\\Controller\\HomeController::indexAction","_route":"home"},"request_uri":"http://projet3/","method":"GET"} []
[2017-04-05 15:24:32] microCMS.INFO: Matched route "{route}". {"route":"home","route_parameters":{"_controller":"microCMS\\Controller\\HomeController::indexAction","_route":"home"},"request_uri":"http://projet3/","method":"GET"} []
[2017-04-05 15:24:35] microCMS.INFO: Matched route "{route}". {"route":"home","route_parameters":{"_controller":"microCMS\\Controller\\HomeController::indexAction","_route":"home"},"request_uri":"http://projet3/","method":"GET"} []
[2017-04-05 15:24:40] microCMS.INFO: Matched route "{route}". {"route":"article","route_parameters":{"_controller":"microCMS\\Controller\\HomeController::articleAction","id":"21","_route":"article"},"request_uri":"http://projet3/article/21","method":"GET"} []
[2017-04-05 15:24:44] microCMS.INFO: Matched route "{route}". {"route":"home","route_parameters":{"_controller":"microCMS\\Controller\\HomeController::indexAction","_route":"home"},"request_uri":"http://projet3/","method":"GET"} []
[2017-04-05 15:29:12] microCMS.INFO: Matched route "{route}". {"route":"home","route_parameters":{"_controller":"microCMS\\Controller\\HomeController::indexAction","_route":"home"},"request_uri":"http://projet3/","method":"GET"} []
[2017-04-05 15:29:15] microCMS.INFO: Matched route "{route}". {"route":"home","route_parameters":{"_controller":"microCMS\\Controller\\HomeController::indexAction","_route":"home"},"request_uri":"http://projet3/","method":"GET"} []
[2017-04-05 15:29:16] microCMS.INFO: Matched route "{route}". {"route":"home","route_parameters":{"_controller":"microCMS\\Controller\\HomeController::indexAction","_route":"home"},"request_uri":"http://projet3/","method":"GET"} []
[2017-04-05 15:29:20] microCMS.INFO: Matched route "{route}". {"route":"home","route_parameters":{"_controller":"microCMS\\Controller\\HomeController::indexAction","_route":"home"},"request_uri":"http://projet3/","method":"GET"} []
[2017-04-05 15:30:02] microCMS.INFO: Matched route "{route}". {"route":"home","route_parameters":{"_controller":"microCMS\\Controller\\HomeController::indexAction","_route":"home"},"request_uri":"http://projet3/","method":"GET"} []
[2017-04-05 15:30:30] microCMS.INFO: Matched route "{route}". {"route":"home","route_parameters":{"_controller":"microCMS\\Controller\\HomeController::indexAction","_route":"home"},"request_uri":"http://projet3/","method":"GET"} []
[2017-04-05 15:31:15] microCMS.INFO: Matched route "{route}". {"route":"home","route_parameters":{"_controller":"microCMS\\Controller\\HomeController::indexAction","_route":"home"},"request_uri":"http://projet3/","method":"GET"} []
[2017-04-05 15:31:19] microCMS.INFO: Matched route "{route}". {"route":"home","route_parameters":{"_controller":"microCMS\\Controller\\HomeController::indexAction","_route":"home"},"request_uri":"http://projet3/","method":"GET"} []
[2017-04-05 15:31:27] microCMS.INFO: Matched route "{route}". {"route":"article","route_parameters":{"_controller":"microCMS\\Controller\\HomeController::articleAction","id":"21","_route":"article"},"request_uri":"http://projet3/article/21","method":"GET"} []
[2017-04-05 15:31:40] microCMS.INFO: Matched route "{route}". {"route":"home","route_parameters":{"_controller":"microCMS\\Controller\\HomeController::indexAction","_route":"home"},"request_uri":"http://projet3/","method":"GET"} []
[2017-04-06 09:48:47] microCMS.INFO: Matched route "{route}". {"route":"home","route_parameters":{"_controller":"microCMS\\Controller\\HomeController::indexAction","_route":"home"},"request_uri":"http://projet3/","method":"GET"} []
[2017-04-06 09:50:12] microCMS.INFO: Matched route "{route}". {"route":"home","route_parameters":{"_controller":"microCMS\\Controller\\HomeController::indexAction","_route":"home"},"request_uri":"http://projet3/","method":"GET"} []
[2017-04-06 09:50:26] microCMS.INFO: Matched route "{route}". {"route":"home","route_parameters":{"_controller":"microCMS\\Controller\\HomeController::indexAction","_route":"home"},"request_uri":"http://projet3/","method":"GET"} []
[2017-04-06 09:52:02] microCMS.INFO: Matched route "{route}". {"route":"home","route_parameters":{"_controller":"microCMS\\Controller\\HomeController::indexAction","_route":"home"},"request_uri":"http://projet3/","method":"GET"} []
[2017-04-06 09:52:16] microCMS.INFO: Matched route "{route}". {"route":"home","route_parameters":{"_controller":"microCMS\\Controller\\HomeController::indexAction","_route":"home"},"request_uri":"http://projet3/","method":"GET"} []
[2017-04-06 09:52:36] microCMS.INFO: Matched route "{route}". {"route":"home","route_parameters":{"_controller":"microCMS\\Controller\\HomeController::indexAction","_route":"home"},"request_uri":"http://projet3/","method":"GET"} []
[2017-04-06 09:52:58] microCMS.INFO: Matched route "{route}". {"route":"home","route_parameters":{"_controller":"microCMS\\Controller\\HomeController::indexAction","_route":"home"},"request_uri":"http://projet3/","method":"GET"} []
[2017-04-06 09:53:09] microCMS.INFO: Matched route "{route}". {"route":"home","route_parameters":{"_controller":"microCMS\\Controller\\HomeController::indexAction","_route":"home"},"request_uri":"http://projet3/","method":"GET"} []
[2017-04-06 09:53:38] microCMS.INFO: Matched route "{route}". {"route":"home","route_parameters":{"_controller":"microCMS\\Controller\\HomeController::indexAction","_route":"home"},"request_uri":"http://projet3/","method":"GET"} []
[2017-04-06 09:53:41] microCMS.INFO: Matched route "{route}". {"route":"home","route_parameters":{"_controller":"microCMS\\Controller\\HomeController::indexAction","_route":"home"},"request_uri":"http://projet3/","method":"GET"} []
[2017-04-06 09:53:58] microCMS.INFO: Matched route "{route}". {"route":"home","route_parameters":{"_controller":"microCMS\\Controller\\HomeController::indexAction","_route":"home"},"request_uri":"http://projet3/","method":"GET"} []
[2017-04-06 09:54:13] microCMS.INFO: Matched route "{route}". {"route":"home","route_parameters":{"_controller":"microCMS\\Controller\\HomeController::indexAction","_route":"home"},"request_uri":"http://projet3/","method":"GET"} []
[2017-04-06 09:54:48] microCMS.INFO: Matched route "{route}". {"route":"home","route_parameters":{"_controller":"microCMS\\Controller\\HomeController::indexAction","_route":"home"},"request_uri":"http://projet3/","method":"GET"} []
[2017-04-06 09:55:03] microCMS.INFO: Matched route "{route}". {"route":"home","route_parameters":{"_controller":"microCMS\\Controller\\HomeController::indexAction","_route":"home"},"request_uri":"http://projet3/","method":"GET"} []
[2017-04-06 09:55:15] microCMS.INFO: Matched route "{route}". {"route":"home","route_parameters":{"_controller":"microCMS\\Controller\\HomeController::indexAction","_route":"home"},"request_uri":"http://projet3/","method":"GET"} []
[2017-04-06 09:55:59] microCMS.INFO: Matched route "{route}". {"route":"home","route_parameters":{"_controller":"microCMS\\Controller\\HomeController::indexAction","_route":"home"},"request_uri":"http://projet3/","method":"GET"} []
[2017-04-06 09:56:14] microCMS.INFO: Matched route "{route}". {"route":"home","route_parameters":{"_controller":"microCMS\\Controller\\HomeController::indexAction","_route":"home"},"request_uri":"http://projet3/","method":"GET"} []
[2017-04-06 09:56:39] microCMS.INFO: Matched route "{route}". {"route":"home","route_parameters":{"_controller":"microCMS\\Controller\\HomeController::indexAction","_route":"home"},"request_uri":"http://projet3/","method":"GET"} []
[2017-04-06 09:56:46] microCMS.INFO: Matched route "{route}". {"route":"home","route_parameters":{"_controller":"microCMS\\Controller\\HomeController::indexAction","_route":"home"},"request_uri":"http://projet3/","method":"GET"} []
[2017-04-06 10:03:11] microCMS.INFO: Matched route "{route}". {"route":"home","route_parameters":{"_controller":"microCMS\\Controller\\HomeController::indexAction","_route":"home"},"request_uri":"http://projet3/","method":"GET"} []
[2017-04-06 10:03:11] microCMS.INFO: Populated the TokenStorage with an anonymous Token. [] []
[2017-04-06 10:06:45] microCMS.INFO: Matched route "{route}". {"route":"home","route_parameters":{"_controller":"microCMS\\Controller\\HomeController::indexAction","_route":"home"},"request_uri":"http://projet3/","method":"GET"} []
[2017-04-06 10:06:51] microCMS.INFO: Matched route "{route}". {"route":"home","route_parameters":{"_controller":"microCMS\\Controller\\HomeController::indexAction","_route":"home"},"request_uri":"http://projet3/","method":"GET"} []
[2017-04-06 10:06:51] microCMS.INFO: Populated the TokenStorage with an anonymous Token. [] []
[2017-04-06 10:25:02] microCMS.INFO: Matched route "{route}". {"route":"home","route_parameters":{"_controller":"microCMS\\Controller\\HomeController::indexAction","_route":"home"},"request_uri":"http://projet3/","method":"GET"} []
[2017-04-06 10:25:02] microCMS.CRITICAL: Symfony\Component\Debug\Exception\ContextErrorException: Warning: strlen() expects parameter 1 to be string, array given (uncaught exception) at C:\devWeb\wamp\www\oc\php\architecture professionnelle\activit-livres\Projet3\src\Controller\HomeController.php line 20 {"exception":"[object] (Symfony\\Component\\Debug\\Exception\\ContextErrorException(code: 0): Warning: strlen() expects parameter 1 to be string, array given at C:\\devWeb\\wamp\\www\\oc\\php\\architecture professionnelle\\activit-livres\\Projet3\\src\\Controller\\HomeController.php:20)"} []
[2017-04-06 10:28:26] microCMS.INFO: Matched route "{route}". {"route":"home","route_parameters":{"_controller":"microCMS\\Controller\\HomeController::indexAction","_route":"home"},"request_uri":"http://projet3/","method":"GET"} []
[2017-04-06 10:28:53] microCMS.INFO: Matched route "{route}". {"route":"home","route_parameters":{"_controller":"microCMS\\Controller\\HomeController::indexAction","_route":"home"},"request_uri":"http://projet3/","method":"GET"} []
[2017-04-06 10:28:55] microCMS.INFO: Matched route "{route}". {"route":"home","route_parameters":{"_controller":"microCMS\\Controller\\HomeController::indexAction","_route":"home"},"request_uri":"http://projet3/","method":"GET"} []
[2017-04-06 10:29:09] microCMS.INFO: Matched route "{route}". {"route":"home","route_parameters":{"_controller":"microCMS\\Controller\\HomeController::indexAction","_route":"home"},"request_uri":"http://projet3/","method":"GET"} []
[2017-04-06 10:29:12] microCMS.INFO: Matched route "{route}". {"route":"home","route_parameters":{"_controller":"microCMS\\Controller\\HomeController::indexAction","_route":"home"},"request_uri":"http://projet3/","method":"GET"} []
[2017-04-06 10:29:13] microCMS.INFO: Matched route "{route}". {"route":"home","route_parameters":{"_controller":"microCMS\\Controller\\HomeController::indexAction","_route":"home"},"request_uri":"http://projet3/","method":"GET"} []
[2017-04-06 10:29:15] microCMS.INFO: Matched route "{route}". {"route":"home","route_parameters":{"_controller":"microCMS\\Controller\\HomeController::indexAction","_route":"home"},"request_uri":"http://projet3/","method":"GET"} []
[2017-04-06 10:29:23] microCMS.INFO: Matched route "{route}". {"route":"home","route_parameters":{"_controller":"microCMS\\Controller\\HomeController::indexAction","_route":"home"},"request_uri":"http://projet3/","method":"GET"} []
[2017-04-06 10:30:02] microCMS.INFO: Matched route "{route}". {"route":"home","route_parameters":{"_controller":"microCMS\\Controller\\HomeController::indexAction","_route":"home"},"request_uri":"http://projet3/","method":"GET"} []
[2017-04-06 10:30:02] microCMS.CRITICAL: Twig_Error_Syntax: Unexpected "parent" tag (expecting closing tag for the "block" tag defined near line 21). (uncaught exception) at C:\devWeb\wamp\www\oc\php\architecture professionnelle\activit-livres\Projet3\views\index.html.twig line 21 {"exception":"[object] (Twig_Error_Syntax(code: 0): Unexpected \"parent\" tag (expecting closing tag for the \"block\" tag defined near line 21). at C:\\devWeb\\wamp\\www\\oc\\php\\architecture professionnelle\\activit-livres\\Projet3\\views\\index.html.twig:21)"} []
[2017-04-06 10:30:24] microCMS.INFO: Matched route "{route}". {"route":"home","route_parameters":{"_controller":"microCMS\\Controller\\HomeController::indexAction","_route":"home"},"request_uri":"http://projet3/","method":"GET"} []
[2017-04-06 10:31:45] microCMS.INFO: Matched route "{route}". {"route":"home","route_parameters":{"_controller":"microCMS\\Controller\\HomeController::indexAction","_route":"home"},"request_uri":"http://projet3/","method":"GET"} []
[2017-04-06 10:33:13] microCMS.INFO: Matched route "{route}". {"route":"home","route_parameters":{"_controller":"microCMS\\Controller\\HomeController::indexAction","_route":"home"},"request_uri":"http://projet3/","method":"GET"} []
[2017-04-06 10:33:42] microCMS.INFO: Matched route "{route}". {"route":"home","route_parameters":{"_controller":"microCMS\\Controller\\HomeController::indexAction","_route":"home"},"request_uri":"http://projet3/","method":"GET"} []
[2017-04-06 10:33:50] microCMS.INFO: Matched route "{route}". {"route":"home","route_parameters":{"_controller":"microCMS\\Controller\\HomeController::indexAction","_route":"home"},"request_uri":"http://projet3/","method":"GET"} []
[2017-04-06 10:34:14] microCMS.INFO: Matched route "{route}". {"route":"home","route_parameters":{"_controller":"microCMS\\Controller\\HomeController::indexAction","_route":"home"},"request_uri":"http://projet3/","method":"GET"} []
[2017-04-06 10:34:22] microCMS.INFO: Matched route "{route}". {"route":"home","route_parameters":{"_controller":"microCMS\\Controller\\HomeController::indexAction","_route":"home"},"request_uri":"http://projet3/","method":"GET"} []
[2017-04-06 10:34:43] microCMS.INFO: Matched route "{route}". {"route":"home","route_parameters":{"_controller":"microCMS\\Controller\\HomeController::indexAction","_route":"home"},"request_uri":"http://projet3/","method":"GET"} []
[2017-04-06 10:34:59] microCMS.INFO: Matched route "{route}". {"route":"home","route_parameters":{"_controller":"microCMS\\Controller\\HomeController::indexAction","_route":"home"},"request_uri":"http://projet3/","method":"GET"} []
[2017-04-06 10:35:01] microCMS.INFO: Matched route "{route}". {"route":"home","route_parameters":{"_controller":"microCMS\\Controller\\HomeController::indexAction","_route":"home"},"request_uri":"http://projet3/","method":"GET"} []
[2017-04-06 10:35:22] microCMS.INFO: Matched route "{route}". {"route":"home","route_parameters":{"_controller":"microCMS\\Controller\\HomeController::indexAction","_route":"home"},"request_uri":"http://projet3/","method":"GET"} []
[2017-04-06 10:35:58] microCMS.INFO: Matched route "{route}". {"route":"home","route_parameters":{"_controller":"microCMS\\Controller\\HomeController::indexAction","_route":"home"},"request_uri":"http://projet3/","method":"GET"} []
[2017-04-06 10:37:08] microCMS.INFO: Matched route "{route}". {"route":"home","route_parameters":{"_controller":"microCMS\\Controller\\HomeController::indexAction","_route":"home"},"request_uri":"http://projet3/","method":"GET"} []
[2017-04-06 10:37:28] microCMS.INFO: Matched route "{route}". {"route":"home","route_parameters":{"_controller":"microCMS\\Controller\\HomeController::indexAction","_route":"home"},"request_uri":"http://projet3/","method":"GET"} []
[2017-04-06 10:37:40] microCMS.INFO: Matched route "{route}". {"route":"article","route_parameters":{"_controller":"microCMS\\Controller\\HomeController::articleAction","id":"13","_route":"article"},"request_uri":"http://projet3/article/13","method":"GET"} []
[2017-04-06 10:37:50] microCMS.INFO: Matched route "{route}". {"route":"article","route_parameters":{"_controller":"microCMS\\Controller\\HomeController::articleAction","id":"3","_route":"article"},"request_uri":"http://projet3/article/3","method":"GET"} []
[2017-04-06 10:37:56] microCMS.INFO: Matched route "{route}". {"route":"article","route_parameters":{"_controller":"microCMS\\Controller\\HomeController::articleAction","id":"3","_route":"article"},"request_uri":"http://projet3/article/3","method":"GET"} []
[2017-04-06 10:52:02] microCMS.INFO: Matched route "{route}". {"route":"article","route_parameters":{"_controller":"microCMS\\Controller\\HomeController::articleAction","id":"3","_route":"article"},"request_uri":"http://projet3/article/3","method":"GET"} []
[2017-04-06 10:52:03] microCMS.INFO: Matched route "{route}". {"route":"article","route_parameters":{"_controller":"microCMS\\Controller\\HomeController::articleAction","id":"3","_route":"article"},"request_uri":"http://projet3/article/3","method":"GET"} []
[2017-04-06 10:52:04] microCMS.INFO: Matched route "{route}". {"route":"article","route_parameters":{"_controller":"microCMS\\Controller\\HomeController::articleAction","id":"3","_route":"article"},"request_uri":"http://projet3/article/3","method":"GET"} []
[2017-04-06 10:52:05] microCMS.INFO: Matched route "{route}". {"route":"article","route_parameters":{"_controller":"microCMS\\Controller\\HomeController::articleAction","id":"3","_route":"article"},"request_uri":"http://projet3/article/3","method":"GET"} []
[2017-04-06 10:52:06] microCMS.INFO: Matched route "{route}". {"route":"home","route_parameters":{"_controller":"microCMS\\Controller\\HomeController::indexAction","_route":"home"},"request_uri":"http://projet3/","method":"GET"} []
[2017-04-06 10:52:07] microCMS.INFO: Matched route "{route}". {"route":"home","route_parameters":{"_controller":"microCMS\\Controller\\HomeController::indexAction","_route":"home"},"request_uri":"http://projet3/","method":"GET"} []
[2017-04-06 10:52:14] microCMS.INFO: Matched route "{route}". {"route":"article","route_parameters":{"_controller":"microCMS\\Controller\\HomeController::articleAction","id":"18","_route":"article"},"request_uri":"http://projet3/article/18","method":"GET"} []
[2017-04-06 10:53:00] microCMS.INFO: Matched route "{route}". {"route":"article","route_parameters":{"_controller":"microCMS\\Controller\\HomeController::articleAction","id":"18","_route":"article"},"request_uri":"http://projet3/article/18","method":"GET"} []
[2017-04-06 10:53:09] microCMS.INFO: Matched route "{route}". {"route":"article","route_parameters":{"_controller":"microCMS\\Controller\\HomeController::articleAction","id":"18","_route":"article"},"request_uri":"http://projet3/article/18","method":"GET"} []
[2017-04-06 10:53:14] microCMS.INFO: Matched route "{route}". {"route":"article","route_parameters":{"_controller":"microCMS\\Controller\\HomeController::articleAction","id":"18","_route":"article"},"request_uri":"http://projet3/article/18","method":"POST"} []
[2017-04-06 10:53:14] microCMS.CRITICAL: Doctrine\DBAL\Exception\NotNullConstraintViolationException: An exception occurred while executing 'INSERT INTO t_comment (art_id, usr_id, com_content) VALUES (?, ?, ?)' with params ["18", "3", null]:  SQLSTATE[23000]: Integrity constraint violation: 1048 Column 'com_content' cannot be null (uncaught exception) at C:\devWeb\wamp\www\oc\php\architecture professionnelle\activit-livres\Projet3\vendor\doctrine\dbal\lib\Doctrine\DBAL\Driver\AbstractMySQLDriver.php line 112 {"exception":"[object] (Doctrine\\DBAL\\Exception\\NotNullConstraintViolationException(code: 0): An exception occurred while executing 'INSERT INTO t_comment (art_id, usr_id, com_content) VALUES (?, ?, ?)' with params [\"18\", \"3\", null]:\n\nSQLSTATE[23000]: Integrity constraint violation: 1048 Column 'com_content' cannot be null at C:\\devWeb\\wamp\\www\\oc\\php\\architecture professionnelle\\activit-livres\\Projet3\\vendor\\doctrine\\dbal\\lib\\Doctrine\\DBAL\\Driver\\AbstractMySQLDriver.php:112, Doctrine\\DBAL\\Driver\\PDOException(code: 23000): SQLSTATE[23000]: Integrity constraint violation: 1048 Column 'com_content' cannot be null at C:\\devWeb\\wamp\\www\\oc\\php\\architecture professionnelle\\activit-livres\\Projet3\\vendor\\doctrine\\dbal\\lib\\Doctrine\\DBAL\\Driver\\PDOStatement.php:93, PDOException(code: 23000): SQLSTATE[23000]: Integrity constraint violation: 1048 Column 'com_content' cannot be null at C:\\devWeb\\wamp\\www\\oc\\php\\architecture professionnelle\\activit-livres\\Projet3\\vendor\\doctrine\\dbal\\lib\\Doctrine\\DBAL\\Driver\\PDOStatement.php:91)"} []
[2017-04-06 10:55:45] microCMS.INFO: Matched route "{route}". {"route":"article","route_parameters":{"_controller":"microCMS\\Controller\\HomeController::articleAction","id":"18","_route":"article"},"request_uri":"http://projet3/article/18","method":"GET"} []
[2017-04-06 10:55:48] microCMS.INFO: Matched route "{route}". {"route":"article","route_parameters":{"_controller":"microCMS\\Controller\\HomeController::articleAction","id":"18","_route":"article"},"request_uri":"http://projet3/article/18","method":"GET"} []
[2017-04-06 10:56:02] microCMS.INFO: Matched route "{route}". {"route":"article","route_parameters":{"_controller":"microCMS\\Controller\\HomeController::articleAction","id":"18","_route":"article"},"request_uri":"http://projet3/article/18","method":"GET"} []
[2017-04-06 10:56:53] microCMS.INFO: Matched route "{route}". {"route":"article","route_parameters":{"_controller":"microCMS\\Controller\\HomeController::articleAction","id":"18","_route":"article"},"request_uri":"http://projet3/article/18","method":"GET"} []
[2017-04-06 10:57:21] microCMS.INFO: Matched route "{route}". {"route":"article","route_parameters":{"_controller":"microCMS\\Controller\\HomeController::articleAction","id":"18","_route":"article"},"request_uri":"http://projet3/article/18","method":"GET"} []
[2017-04-06 10:57:40] microCMS.INFO: Matched route "{route}". {"route":"article","route_parameters":{"_controller":"microCMS\\Controller\\HomeController::articleAction","id":"18","_route":"article"},"request_uri":"http://projet3/article/18","method":"GET"} []
[2017-04-06 10:57:53] microCMS.INFO: Matched route "{route}". {"route":"article","route_parameters":{"_controller":"microCMS\\Controller\\HomeController::articleAction","id":"18","_route":"article"},"request_uri":"http://projet3/article/18","method":"GET"} []
[2017-04-06 10:58:26] microCMS.INFO: Matched route "{route}". {"route":"article","route_parameters":{"_controller":"microCMS\\Controller\\HomeController::articleAction","id":"18","_route":"article"},"request_uri":"http://projet3/article/18","method":"GET"} []
[2017-04-06 10:58:38] microCMS.INFO: Matched route "{route}". {"route":"article","route_parameters":{"_controller":"microCMS\\Controller\\HomeController::articleAction","id":"18","_route":"article"},"request_uri":"http://projet3/article/18","method":"GET"} []
[2017-04-06 10:58:48] microCMS.INFO: Matched route "{route}". {"route":"article","route_parameters":{"_controller":"microCMS\\Controller\\HomeController::articleAction","id":"18","_route":"article"},"request_uri":"http://projet3/article/18","method":"GET"} []
[2017-04-06 10:59:11] microCMS.INFO: Matched route "{route}". {"route":"article","route_parameters":{"_controller":"microCMS\\Controller\\HomeController::articleAction","id":"18","_route":"article"},"request_uri":"http://projet3/article/18","method":"GET"} []
[2017-04-06 10:59:36] microCMS.INFO: Matched route "{route}". {"route":"article","route_parameters":{"_controller":"microCMS\\Controller\\HomeController::articleAction","id":"18","_route":"article"},"request_uri":"http://projet3/article/18","method":"GET"} []
[2017-04-06 10:59:39] microCMS.INFO: Matched route "{route}". {"route":"article","route_parameters":{"_controller":"microCMS\\Controller\\HomeController::articleAction","id":"18","_route":"article"},"request_uri":"http://projet3/article/18","method":"POST"} []
[2017-04-06 10:59:40] microCMS.CRITICAL: Doctrine\DBAL\Exception\NotNullConstraintViolationException: An exception occurred while executing 'INSERT INTO t_comment (art_id, usr_id, com_content) VALUES (?, ?, ?)' with params ["18", "3", null]:  SQLSTATE[23000]: Integrity constraint violation: 1048 Column 'com_content' cannot be null (uncaught exception) at C:\devWeb\wamp\www\oc\php\architecture professionnelle\activit-livres\Projet3\vendor\doctrine\dbal\lib\Doctrine\DBAL\Driver\AbstractMySQLDriver.php line 112 {"exception":"[object] (Doctrine\\DBAL\\Exception\\NotNullConstraintViolationException(code: 0): An exception occurred while executing 'INSERT INTO t_comment (art_id, usr_id, com_content) VALUES (?, ?, ?)' with params [\"18\", \"3\", null]:\n\nSQLSTATE[23000]: Integrity constraint violation: 1048 Column 'com_content' cannot be null at C:\\devWeb\\wamp\\www\\oc\\php\\architecture professionnelle\\activit-livres\\Projet3\\vendor\\doctrine\\dbal\\lib\\Doctrine\\DBAL\\Driver\\AbstractMySQLDriver.php:112, Doctrine\\DBAL\\Driver\\PDOException(code: 23000): SQLSTATE[23000]: Integrity constraint violation: 1048 Column 'com_content' cannot be null at C:\\devWeb\\wamp\\www\\oc\\php\\architecture professionnelle\\activit-livres\\Projet3\\vendor\\doctrine\\dbal\\lib\\Doctrine\\DBAL\\Driver\\PDOStatement.php:93, PDOException(code: 23000): SQLSTATE[23000]: Integrity constraint violation: 1048 Column 'com_content' cannot be null at C:\\devWeb\\wamp\\www\\oc\\php\\architecture professionnelle\\activit-livres\\Projet3\\vendor\\doctrine\\dbal\\lib\\Doctrine\\DBAL\\Driver\\PDOStatement.php:91)"} []
[2017-04-06 11:00:17] microCMS.INFO: Matched route "{route}". {"route":"article","route_parameters":{"_controller":"microCMS\\Controller\\HomeController::articleAction","id":"18","_route":"article"},"request_uri":"http://projet3/article/18","method":"GET"} []
[2017-04-06 11:02:53] microCMS.INFO: Matched route "{route}". {"route":"article","route_parameters":{"_controller":"microCMS\\Controller\\HomeController::articleAction","id":"18","_route":"article"},"request_uri":"http://projet3/article/18","method":"GET"} []
[2017-04-06 11:03:02] microCMS.INFO: Matched route "{route}". {"route":"article","route_parameters":{"_controller":"microCMS\\Controller\\HomeController::articleAction","id":"18","_route":"article"},"request_uri":"http://projet3/article/18","method":"GET"} []
[2017-04-06 11:03:07] microCMS.INFO: Matched route "{route}". {"route":"article","route_parameters":{"_controller":"microCMS\\Controller\\HomeController::articleAction","id":"18","_route":"article"},"request_uri":"http://projet3/article/18","method":"GET"} []
[2017-04-06 11:08:11] microCMS.INFO: Matched route "{route}". {"route":"article","route_parameters":{"_controller":"microCMS\\Controller\\HomeController::articleAction","id":"18","_route":"article"},"request_uri":"http://projet3/article/18","method":"GET"} []
[2017-04-06 11:08:16] microCMS.INFO: Matched route "{route}". {"route":"article","route_parameters":{"_controller":"microCMS\\Controller\\HomeController::articleAction","id":"18","_route":"article"},"request_uri":"http://projet3/article/18","method":"GET"} []
[2017-04-06 11:08:18] microCMS.INFO: Matched route "{route}". {"route":"article","route_parameters":{"_controller":"microCMS\\Controller\\HomeController::articleAction","id":"18","_route":"article"},"request_uri":"http://projet3/article/18","method":"GET"} []
[2017-04-06 11:08:20] microCMS.INFO: Matched route "{route}". {"route":"article","route_parameters":{"_controller":"microCMS\\Controller\\HomeController::articleAction","id":"18","_route":"article"},"request_uri":"http://projet3/article/18","method":"GET"} []
[2017-04-06 11:08:31] microCMS.INFO: Matched route "{route}". {"route":"article","route_parameters":{"_controller":"microCMS\\Controller\\HomeController::articleAction","id":"18","_route":"article"},"request_uri":"http://projet3/article/18","method":"GET"} []
[2017-04-06 11:08:32] microCMS.INFO: Matched route "{route}". {"route":"article","route_parameters":{"_controller":"microCMS\\Controller\\HomeController::articleAction","id":"18","_route":"article"},"request_uri":"http://projet3/article/18","method":"GET"} []
[2017-04-06 11:08:32] microCMS.INFO: Matched route "{route}". {"route":"article","route_parameters":{"_controller":"microCMS\\Controller\\HomeController::articleAction","id":"18","_route":"article"},"request_uri":"http://projet3/article/18","method":"GET"} []
[2017-04-06 11:08:34] microCMS.INFO: Matched route "{route}". {"route":"article","route_parameters":{"_controller":"microCMS\\Controller\\HomeController::articleAction","id":"18","_route":"article"},"request_uri":"http://projet3/article/18","method":"GET"} []
[2017-04-06 11:08:43] microCMS.INFO: Matched route "{route}". {"route":"article","route_parameters":{"_controller":"microCMS\\Controller\\HomeController::articleAction","id":"18","_route":"article"},"request_uri":"http://projet3/article/18","method":"GET"} []
[2017-04-06 11:08:44] microCMS.INFO: Matched route "{route}". {"route":"article","route_parameters":{"_controller":"microCMS\\Controller\\HomeController::articleAction","id":"18","_route":"article"},"request_uri":"http://projet3/article/18","method":"GET"} []
[2017-04-06 11:08:44] microCMS.INFO: Matched route "{route}". {"route":"article","route_parameters":{"_controller":"microCMS\\Controller\\HomeController::articleAction","id":"18","_route":"article"},"request_uri":"http://projet3/article/18","method":"GET"} []
[2017-04-06 11:08:44] microCMS.INFO: Matched route "{route}". {"route":"article","route_parameters":{"_controller":"microCMS\\Controller\\HomeController::articleAction","id":"18","_route":"article"},"request_uri":"http://projet3/article/18","method":"GET"} []
[2017-04-06 11:08:44] microCMS.INFO: Matched route "{route}". {"route":"article","route_parameters":{"_controller":"microCMS\\Controller\\HomeController::articleAction","id":"18","_route":"article"},"request_uri":"http://projet3/article/18","method":"GET"} []
[2017-04-06 11:09:07] microCMS.INFO: Matched route "{route}". {"route":"home","route_parameters":{"_controller":"microCMS\\Controller\\HomeController::indexAction","_route":"home"},"request_uri":"http://projet3/","method":"GET"} []
[2017-04-06 11:09:07] microCMS.INFO: Populated the TokenStorage with an anonymous Token. [] []
[2017-04-06 11:09:26] microCMS.INFO: Matched route "{route}". {"route":"home","route_parameters":{"_controller":"microCMS\\Controller\\HomeController::indexAction","_route":"home"},"request_uri":"http://projet3/","method":"GET"} []
[2017-04-06 11:09:27] microCMS.INFO: Matched route "{route}". {"route":"article","route_parameters":{"_controller":"microCMS\\Controller\\HomeController::articleAction","id":"17","_route":"article"},"request_uri":"http://projet3/article/17","method":"GET"} []
[2017-04-06 11:09:30] microCMS.INFO: Matched route "{route}". {"route":"home","route_parameters":{"_controller":"microCMS\\Controller\\HomeController::indexAction","_route":"home"},"request_uri":"http://projet3/","method":"GET"} []
[2017-04-06 11:09:32] microCMS.INFO: Matched route "{route}". {"route":"article","route_parameters":{"_controller":"microCMS\\Controller\\HomeController::articleAction","id":"12","_route":"article"},"request_uri":"http://projet3/article/12","method":"GET"} []
[2017-04-06 11:11:39] microCMS.INFO: Matched route "{route}". {"route":"article","route_parameters":{"_controller":"microCMS\\Controller\\HomeController::articleAction","id":"12","_route":"article"},"request_uri":"http://projet3/article/12","method":"GET"} []
[2017-04-06 11:13:15] microCMS.INFO: Matched route "{route}". {"route":"article","route_parameters":{"_controller":"microCMS\\Controller\\HomeController::articleAction","id":"12","_route":"article"},"request_uri":"http://projet3/article/12","method":"GET"} []
[2017-04-06 11:13:50] microCMS.INFO: Matched route "{route}". {"route":"article","route_parameters":{"_controller":"microCMS\\Controller\\HomeController::articleAction","id":"12","_route":"article"},"request_uri":"http://projet3/article/12","method":"GET"} []
[2017-04-06 11:14:00] microCMS.INFO: Matched route "{route}". {"route":"article","route_parameters":{"_controller":"microCMS\\Controller\\HomeController::articleAction","id":"12","_route":"article"},"request_uri":"http://projet3/article/12","method":"GET"} []
[2017-04-06 11:16:39] microCMS.INFO: Matched route "{route}". {"route":"article","route_parameters":{"_controller":"microCMS\\Controller\\HomeController::articleAction","id":"12","_route":"article"},"request_uri":"http://projet3/article/12","method":"GET"} []
[2017-04-06 11:19:39] microCMS.INFO: Matched route "{route}". {"route":"article","route_parameters":{"_controller":"microCMS\\Controller\\HomeController::articleAction","id":"12","_route":"article"},"request_uri":"http://projet3/article/12","method":"GET"} []
[2017-04-06 11:21:42] microCMS.INFO: Matched route "{route}". {"route":"article","route_parameters":{"_controller":"microCMS\\Controller\\HomeController::articleAction","id":"12","_route":"article"},"request_uri":"http://projet3/article/12","method":"GET"} []
[2017-04-06 11:24:24] microCMS.INFO: Matched route "{route}". {"route":"article","route_parameters":{"_controller":"microCMS\\Controller\\HomeController::articleAction","id":"12","_route":"article"},"request_uri":"http://projet3/article/12","method":"GET"} []
[2017-04-06 11:29:14] microCMS.INFO: Matched route "{route}". {"route":"article","route_parameters":{"_controller":"microCMS\\Controller\\HomeController::articleAction","id":"12","_route":"article"},"request_uri":"http://projet3/article/12","method":"GET"} []
[2017-04-06 11:31:03] microCMS.INFO: Matched route "{route}". {"route":"article","route_parameters":{"_controller":"microCMS\\Controller\\HomeController::articleAction","id":"12","_route":"article"},"request_uri":"http://projet3/article/12","method":"GET"} []
[2017-04-06 11:31:58] microCMS.INFO: Matched route "{route}". {"route":"article","route_parameters":{"_controller":"microCMS\\Controller\\HomeController::articleAction","id":"12","_route":"article"},"request_uri":"http://projet3/article/12","method":"GET"} []
[2017-04-06 11:33:33] microCMS.INFO: Matched route "{route}". {"route":"article","route_parameters":{"_controller":"microCMS\\Controller\\HomeController::articleAction","id":"12","_route":"article"},"request_uri":"http://projet3/article/12","method":"GET"} []
[2017-04-06 11:34:02] microCMS.INFO: Matched route "{route}". {"route":"article","route_parameters":{"_controller":"microCMS\\Controller\\HomeController::articleAction","id":"12","_route":"article"},"request_uri":"http://projet3/article/12","method":"GET"} []
[2017-04-06 11:34:09] microCMS.INFO: Matched route "{route}". {"route":"article","route_parameters":{"_controller":"microCMS\\Controller\\HomeController::articleAction","id":"12","_route":"article"},"request_uri":"http://projet3/article/12","method":"GET"} []
[2017-04-06 11:34:19] microCMS.INFO: Matched route "{route}". {"route":"article","route_parameters":{"_controller":"microCMS\\Controller\\HomeController::articleAction","id":"12","_route":"article"},"request_uri":"http://projet3/article/12","method":"GET"} []
[2017-04-06 11:34:22] microCMS.INFO: Matched route "{route}". {"route":"article","route_parameters":{"_controller":"microCMS\\Controller\\HomeController::articleAction","id":"12","_route":"article"},"request_uri":"http://projet3/article/12","method":"GET"} []
[2017-04-06 11:34:25] microCMS.INFO: Matched route "{route}". {"route":"article","route_parameters":{"_controller":"microCMS\\Controller\\HomeController::articleAction","id":"12","_route":"article"},"request_uri":"http://projet3/article/12","method":"GET"} []
[2017-04-06 11:34:49] microCMS.INFO: Matched route "{route}". {"route":"article","route_parameters":{"_controller":"microCMS\\Controller\\HomeController::articleAction","id":"12","_route":"article"},"request_uri":"http://projet3/article/12","method":"GET"} []
[2017-04-06 11:36:18] microCMS.INFO: Matched route "{route}". {"route":"article","route_parameters":{"_controller":"microCMS\\Controller\\HomeController::articleAction","id":"12","_route":"article"},"request_uri":"http://projet3/article/12","method":"GET"} []
[2017-04-06 11:38:08] microCMS.INFO: Matched route "{route}". {"route":"article","route_parameters":{"_controller":"microCMS\\Controller\\HomeController::articleAction","id":"12","_route":"article"},"request_uri":"http://projet3/article/12","method":"GET"} []
[2017-04-06 11:38:23] microCMS.INFO: Matched route "{route}". {"route":"article","route_parameters":{"_controller":"microCMS\\Controller\\HomeController::articleAction","id":"12","_route":"article"},"request_uri":"http://projet3/article/12","method":"GET"} []
[2017-04-06 11:38:41] microCMS.INFO: Matched route "{route}". {"route":"article","route_parameters":{"_controller":"microCMS\\Controller\\HomeController::articleAction","id":"12","_route":"article"},"request_uri":"http://projet3/article/12","method":"GET"} []
[2017-04-06 11:39:55] microCMS.INFO: Matched route "{route}". {"route":"article","route_parameters":{"_controller":"microCMS\\Controller\\HomeController::articleAction","id":"12","_route":"article"},"request_uri":"http://projet3/article/12","method":"GET"} []
[2017-04-06 11:40:28] microCMS.INFO: Matched route "{route}". {"route":"article","route_parameters":{"_controller":"microCMS\\Controller\\HomeController::articleAction","id":"12","_route":"article"},"request_uri":"http://projet3/article/12","method":"GET"} []
[2017-04-06 11:40:51] microCMS.INFO: Matched route "{route}". {"route":"article","route_parameters":{"_controller":"microCMS\\Controller\\HomeController::articleAction","id":"12","_route":"article"},"request_uri":"http://projet3/article/12","method":"GET"} []
[2017-04-06 11:42:13] microCMS.INFO: Matched route "{route}". {"route":"article","route_parameters":{"_controller":"microCMS\\Controller\\HomeController::articleAction","id":"12","_route":"article"},"request_uri":"http://projet3/article/12","method":"GET"} []
[2017-04-06 11:42:29] microCMS.INFO: Matched route "{route}". {"route":"article","route_parameters":{"_controller":"microCMS\\Controller\\HomeController::articleAction","id":"12","_route":"article"},"request_uri":"http://projet3/article/12","method":"GET"} []
[2017-04-06 11:43:11] microCMS.INFO: Matched route "{route}". {"route":"article","route_parameters":{"_controller":"microCMS\\Controller\\HomeController::articleAction","id":"12","_route":"article"},"request_uri":"http://projet3/article/12","method":"GET"} []
[2017-04-06 11:43:18] microCMS.INFO: Matched route "{route}". {"route":"article","route_parameters":{"_controller":"microCMS\\Controller\\HomeController::articleAction","id":"12","_route":"article"},"request_uri":"http://projet3/article/12","method":"GET"} []
[2017-04-06 11:43:36] microCMS.INFO: Matched route "{route}". {"route":"article","route_parameters":{"_controller":"microCMS\\Controller\\HomeController::articleAction","id":"12","_route":"article"},"request_uri":"http://projet3/article/12","method":"GET"} []
[2017-04-06 11:44:27] microCMS.INFO: Matched route "{route}". {"route":"article","route_parameters":{"_controller":"microCMS\\Controller\\HomeController::articleAction","id":"12","_route":"article"},"request_uri":"http://projet3/article/12","method":"GET"} []
[2017-04-06 11:44:32] microCMS.INFO: Matched route "{route}". {"route":"article","route_parameters":{"_controller":"microCMS\\Controller\\HomeController::articleAction","id":"12","_route":"article"},"request_uri":"http://projet3/article/12","method":"GET"} []
[2017-04-06 11:44:50] microCMS.INFO: Matched route "{route}". {"route":"article","route_parameters":{"_controller":"microCMS\\Controller\\HomeController::articleAction","id":"12","_route":"article"},"request_uri":"http://projet3/article/12","method":"GET"} []
[2017-04-06 11:45:36] microCMS.INFO: Matched route "{route}". {"route":"article","route_parameters":{"_controller":"microCMS\\Controller\\HomeController::articleAction","id":"12","_route":"article"},"request_uri":"http://projet3/article/12","method":"GET"} []
[2017-04-06 11:45:46] microCMS.INFO: Matched route "{route}". {"route":"article","route_parameters":{"_controller":"microCMS\\Controller\\HomeController::articleAction","id":"12","_route":"article"},"request_uri":"http://projet3/article/12","method":"GET"} []
[2017-04-06 11:45:58] microCMS.INFO: Matched route "{route}". {"route":"article","route_parameters":{"_controller":"microCMS\\Controller\\HomeController::articleAction","id":"12","_route":"article"},"request_uri":"http://projet3/article/12","method":"GET"} []
[2017-04-06 11:46:03] microCMS.INFO: Matched route "{route}". {"route":"article","route_parameters":{"_controller":"microCMS\\Controller\\HomeController::articleAction","id":"12","_route":"article"},"request_uri":"http://projet3/article/12","method":"GET"} []
[2017-04-06 11:46:34] microCMS.INFO: Matched route "{route}". {"route":"article","route_parameters":{"_controller":"microCMS\\Controller\\HomeController::articleAction","id":"12","_route":"article"},"request_uri":"http://projet3/article/12","method":"GET"} []
[2017-04-06 11:46:45] microCMS.INFO: Matched route "{route}". {"route":"article","route_parameters":{"_controller":"microCMS\\Controller\\HomeController::articleAction","id":"12","_route":"article"},"request_uri":"http://projet3/article/12","method":"GET"} []
[2017-04-06 11:47:35] microCMS.INFO: Matched route "{route}". {"route":"article","route_parameters":{"_controller":"microCMS\\Controller\\HomeController::articleAction","id":"12","_route":"article"},"request_uri":"http://projet3/article/12","method":"GET"} []
[2017-04-06 11:47:49] microCMS.INFO: Matched route "{route}". {"route":"article","route_parameters":{"_controller":"microCMS\\Controller\\HomeController::articleAction","id":"12","_route":"article"},"request_uri":"http://projet3/article/12","method":"GET"} []
[2017-04-06 11:48:08] microCMS.INFO: Matched route "{route}". {"route":"article","route_parameters":{"_controller":"microCMS\\Controller\\HomeController::articleAction","id":"12","_route":"article"},"request_uri":"http://projet3/article/12","method":"GET"} []
[2017-04-06 11:48:30] microCMS.INFO: Matched route "{route}". {"route":"article","route_parameters":{"_controller":"microCMS\\Controller\\HomeController::articleAction","id":"12","_route":"article"},"request_uri":"http://projet3/article/12","method":"GET"} []
[2017-04-06 11:49:38] microCMS.INFO: Matched route "{route}". {"route":"home","route_parameters":{"_controller":"microCMS\\Controller\\HomeController::indexAction","_route":"home"},"request_uri":"http://projet3/","method":"GET"} []
[2017-04-06 11:49:43] microCMS.INFO: Matched route "{route}". {"route":"article","route_parameters":{"_controller":"microCMS\\Controller\\HomeController::articleAction","id":"3","_route":"article"},"request_uri":"http://projet3/article/3","method":"GET"} []
[2017-04-06 11:49:57] microCMS.INFO: Matched route "{route}". {"route":"home","route_parameters":{"_controller":"microCMS\\Controller\\HomeController::indexAction","_route":"home"},"request_uri":"http://projet3/","method":"GET"} []
[2017-04-06 11:49:57] microCMS.INFO: Populated the TokenStorage with an anonymous Token. [] []
[2017-04-06 11:50:20] microCMS.INFO: Matched route "{route}". {"route":"article","route_parameters":{"_controller":"microCMS\\Controller\\HomeController::articleAction","id":"3","_route":"article"},"request_uri":"http://projet3/article/3","method":"GET"} []
[2017-04-06 11:50:20] microCMS.INFO: Populated the TokenStorage with an anonymous Token. [] []
[2017-04-06 11:51:14] microCMS.INFO: Matched route "{route}". {"route":"login","route_parameters":{"_controller":"microCMS\\Controller\\HomeController::loginAction","_route":"login"},"request_uri":"http://projet3/login","method":"GET"} []
[2017-04-06 11:51:14] microCMS.INFO: Populated the TokenStorage with an anonymous Token. [] []
[2017-04-06 11:51:36] microCMS.INFO: Matched route "{route}". {"route":"login_check","route_parameters":{"_controller":null,"_route":"login_check"},"request_uri":"http://projet3/login_check","method":"POST"} []
[2017-04-06 11:51:38] microCMS.INFO: User has been authenticated successfully. {"username":"JohnDoe"} []
[2017-04-06 11:51:38] microCMS.INFO: Matched route "{route}". {"route":"home","route_parameters":{"_controller":"microCMS\\Controller\\HomeController::indexAction","_route":"home"},"request_uri":"http://projet3/","method":"GET"} []
[2017-04-06 11:51:58] microCMS.INFO: Matched route "{route}". {"route":"article","route_parameters":{"_controller":"microCMS\\Controller\\HomeController::articleAction","id":"1","_route":"article"},"request_uri":"http://projet3/article/1","method":"GET"} []
[2017-04-06 11:52:13] microCMS.INFO: Matched route "{route}". {"route":"logout","route_parameters":{"_controller":null,"_route":"logout"},"request_uri":"http://projet3/logout","method":"GET"} []
[2017-04-06 11:52:14] microCMS.INFO: Matched route "{route}". {"route":"home","route_parameters":{"_controller":"microCMS\\Controller\\HomeController::indexAction","_route":"home"},"request_uri":"http://projet3/","method":"GET"} []
[2017-04-06 11:52:14] microCMS.INFO: Populated the TokenStorage with an anonymous Token. [] []
[2017-04-06 11:52:28] microCMS.INFO: Matched route "{route}". {"route":"article","route_parameters":{"_controller":"microCMS\\Controller\\HomeController::articleAction","id":"1","_route":"article"},"request_uri":"http://projet3/article/1","method":"GET"} []
[2017-04-06 11:52:28] microCMS.INFO: Populated the TokenStorage with an anonymous Token. [] []
[2017-04-06 11:52:34] microCMS.INFO: Matched route "{route}". {"route":"login","route_parameters":{"_controller":"microCMS\\Controller\\HomeController::loginAction","_route":"login"},"request_uri":"http://projet3/login","method":"GET"} []
[2017-04-06 11:52:34] microCMS.INFO: Populated the TokenStorage with an anonymous Token. [] []
[2017-04-06 11:53:21] microCMS.INFO: Matched route "{route}". {"route":"home","route_parameters":{"_controller":"microCMS\\Controller\\HomeController::indexAction","_route":"home"},"request_uri":"http://localhost/oc/php/architecture%20professionnelle/activit-livres/Projet3/web/","method":"GET"} []
[2017-04-06 11:53:21] microCMS.INFO: Populated the TokenStorage with an anonymous Token. [] []
[2017-04-06 11:53:24] microCMS.INFO: Matched route "{route}". {"route":"article","route_parameters":{"_controller":"microCMS\\Controller\\HomeController::articleAction","id":"21","_route":"article"},"request_uri":"http://localhost/oc/php/architecture%20professionnelle/activit-livres/Projet3/web/article/21","method":"GET"} []
[2017-04-06 11:53:24] microCMS.INFO: Populated the TokenStorage with an anonymous Token. [] []
[2017-04-06 11:53:29] microCMS.INFO: Matched route "{route}". {"route":"login","route_parameters":{"_controller":"microCMS\\Controller\\HomeController::loginAction","_route":"login"},"request_uri":"http://localhost/oc/php/architecture%20professionnelle/activit-livres/Projet3/web/login","method":"GET"} []
[2017-04-06 11:53:29] microCMS.INFO: Populated the TokenStorage with an anonymous Token. [] []
[2017-04-06 11:53:46] microCMS.INFO: Matched route "{route}". {"route":"login_check","route_parameters":{"_controller":null,"_route":"login_check"},"request_uri":"http://localhost/oc/php/architecture%20professionnelle/activit-livres/Projet3/web/login_check","method":"POST"} []
[2017-04-06 11:53:48] microCMS.INFO: User has been authenticated successfully. {"username":"JohnDoe"} []
[2017-04-06 11:53:48] microCMS.INFO: Matched route "{route}". {"route":"home","route_parameters":{"_controller":"microCMS\\Controller\\HomeController::indexAction","_route":"home"},"request_uri":"http://localhost/oc/php/architecture%20professionnelle/activit-livres/Projet3/web/","method":"GET"} []
[2017-04-06 11:53:54] microCMS.INFO: Matched route "{route}". {"route":"article","route_parameters":{"_controller":"microCMS\\Controller\\HomeController::articleAction","id":"3","_route":"article"},"request_uri":"http://localhost/oc/php/architecture%20professionnelle/activit-livres/Projet3/web/article/3","method":"GET"} []
[2017-04-06 12:00:41] microCMS.INFO: Matched route "{route}". {"route":"article","route_parameters":{"_controller":"microCMS\\Controller\\HomeController::articleAction","id":"3","_route":"article"},"request_uri":"http://projet3/article/3","method":"POST"} []
[2017-04-06 12:00:41] microCMS.CRITICAL: Doctrine\DBAL\Exception\NotNullConstraintViolationException: An exception occurred while executing 'INSERT INTO t_comment (art_id, usr_id, com_content) VALUES (?, ?, ?)' with params ["3", "3", null]:  SQLSTATE[23000]: Integrity constraint violation: 1048 Column 'com_content' cannot be null (uncaught exception) at C:\devWeb\wamp\www\oc\php\architecture professionnelle\activit-livres\Projet3\vendor\doctrine\dbal\lib\Doctrine\DBAL\Driver\AbstractMySQLDriver.php line 112 {"exception":"[object] (Doctrine\\DBAL\\Exception\\NotNullConstraintViolationException(code: 0): An exception occurred while executing 'INSERT INTO t_comment (art_id, usr_id, com_content) VALUES (?, ?, ?)' with params [\"3\", \"3\", null]:\n\nSQLSTATE[23000]: Integrity constraint violation: 1048 Column 'com_content' cannot be null at C:\\devWeb\\wamp\\www\\oc\\php\\architecture professionnelle\\activit-livres\\Projet3\\vendor\\doctrine\\dbal\\lib\\Doctrine\\DBAL\\Driver\\AbstractMySQLDriver.php:112, Doctrine\\DBAL\\Driver\\PDOException(code: 23000): SQLSTATE[23000]: Integrity constraint violation: 1048 Column 'com_content' cannot be null at C:\\devWeb\\wamp\\www\\oc\\php\\architecture professionnelle\\activit-livres\\Projet3\\vendor\\doctrine\\dbal\\lib\\Doctrine\\DBAL\\Driver\\PDOStatement.php:93, PDOException(code: 23000): SQLSTATE[23000]: Integrity constraint violation: 1048 Column 'com_content' cannot be null at C:\\devWeb\\wamp\\www\\oc\\php\\architecture professionnelle\\activit-livres\\Projet3\\vendor\\doctrine\\dbal\\lib\\Doctrine\\DBAL\\Driver\\PDOStatement.php:91)"} []
[2017-04-06 12:00:41] microCMS.INFO: Matched route "{route}". {"route":"article","route_parameters":{"_controller":"microCMS\\Controller\\HomeController::articleAction","id":"3","_route":"article"},"request_uri":"http://projet3/article/3","method":"POST"} []
[2017-04-06 12:00:42] microCMS.INFO: Matched route "{route}". {"route":"article","route_parameters":{"_controller":"microCMS\\Controller\\HomeController::articleAction","id":"3","_route":"article"},"request_uri":"http://projet3/article/3","method":"POST"} []
[2017-04-06 12:00:42] microCMS.CRITICAL: Doctrine\DBAL\Exception\NotNullConstraintViolationException: An exception occurred while executing 'INSERT INTO t_comment (art_id, usr_id, com_content) VALUES (?, ?, ?)' with params ["3", "3", null]:  SQLSTATE[23000]: Integrity constraint violation: 1048 Column 'com_content' cannot be null (uncaught exception) at C:\devWeb\wamp\www\oc\php\architecture professionnelle\activit-livres\Projet3\vendor\doctrine\dbal\lib\Doctrine\DBAL\Driver\AbstractMySQLDriver.php line 112 {"exception":"[object] (Doctrine\\DBAL\\Exception\\NotNullConstraintViolationException(code: 0): An exception occurred while executing 'INSERT INTO t_comment (art_id, usr_id, com_content) VALUES (?, ?, ?)' with params [\"3\", \"3\", null]:\n\nSQLSTATE[23000]: Integrity constraint violation: 1048 Column 'com_content' cannot be null at C:\\devWeb\\wamp\\www\\oc\\php\\architecture professionnelle\\activit-livres\\Projet3\\vendor\\doctrine\\dbal\\lib\\Doctrine\\DBAL\\Driver\\AbstractMySQLDriver.php:112, Doctrine\\DBAL\\Driver\\PDOException(code: 23000): SQLSTATE[23000]: Integrity constraint violation: 1048 Column 'com_content' cannot be null at C:\\devWeb\\wamp\\www\\oc\\php\\architecture professionnelle\\activit-livres\\Projet3\\vendor\\doctrine\\dbal\\lib\\Doctrine\\DBAL\\Driver\\PDOStatement.php:93, PDOException(code: 23000): SQLSTATE[23000]: Integrity constraint violation: 1048 Column 'com_content' cannot be null at C:\\devWeb\\wamp\\www\\oc\\php\\architecture professionnelle\\activit-livres\\Projet3\\vendor\\doctrine\\dbal\\lib\\Doctrine\\DBAL\\Driver\\PDOStatement.php:91)"} []
[2017-04-06 12:00:42] microCMS.CRITICAL: Doctrine\DBAL\Exception\NotNullConstraintViolationException: An exception occurred while executing 'INSERT INTO t_comment (art_id, usr_id, com_content) VALUES (?, ?, ?)' with params ["3", "3", null]:  SQLSTATE[23000]: Integrity constraint violation: 1048 Column 'com_content' cannot be null (uncaught exception) at C:\devWeb\wamp\www\oc\php\architecture professionnelle\activit-livres\Projet3\vendor\doctrine\dbal\lib\Doctrine\DBAL\Driver\AbstractMySQLDriver.php line 112 {"exception":"[object] (Doctrine\\DBAL\\Exception\\NotNullConstraintViolationException(code: 0): An exception occurred while executing 'INSERT INTO t_comment (art_id, usr_id, com_content) VALUES (?, ?, ?)' with params [\"3\", \"3\", null]:\n\nSQLSTATE[23000]: Integrity constraint violation: 1048 Column 'com_content' cannot be null at C:\\devWeb\\wamp\\www\\oc\\php\\architecture professionnelle\\activit-livres\\Projet3\\vendor\\doctrine\\dbal\\lib\\Doctrine\\DBAL\\Driver\\AbstractMySQLDriver.php:112, Doctrine\\DBAL\\Driver\\PDOException(code: 23000): SQLSTATE[23000]: Integrity constraint violation: 1048 Column 'com_content' cannot be null at C:\\devWeb\\wamp\\www\\oc\\php\\architecture professionnelle\\activit-livres\\Projet3\\vendor\\doctrine\\dbal\\lib\\Doctrine\\DBAL\\Driver\\PDOStatement.php:93, PDOException(code: 23000): SQLSTATE[23000]: Integrity constraint violation: 1048 Column 'com_content' cannot be null at C:\\devWeb\\wamp\\www\\oc\\php\\architecture professionnelle\\activit-livres\\Projet3\\vendor\\doctrine\\dbal\\lib\\Doctrine\\DBAL\\Driver\\PDOStatement.php:91)"} []
[2017-04-06 12:01:00] microCMS.INFO: Matched route "{route}". {"route":"logout","route_parameters":{"_controller":null,"_route":"logout"},"request_uri":"http://projet3/logout","method":"GET"} []
[2017-04-06 12:01:01] microCMS.INFO: Matched route "{route}". {"route":"home","route_parameters":{"_controller":"microCMS\\Controller\\HomeController::indexAction","_route":"home"},"request_uri":"http://projet3/","method":"GET"} []
[2017-04-06 12:01:01] microCMS.INFO: Populated the TokenStorage with an anonymous Token. [] []
[2017-04-06 12:01:03] microCMS.INFO: Matched route "{route}". {"route":"article","route_parameters":{"_controller":"microCMS\\Controller\\HomeController::articleAction","id":"13","_route":"article"},"request_uri":"http://projet3/article/13","method":"GET"} []
[2017-04-06 12:01:03] microCMS.INFO: Populated the TokenStorage with an anonymous Token. [] []
[2017-04-06 12:04:29] microCMS.INFO: Matched route "{route}". {"route":"article","route_parameters":{"_controller":"microCMS\\Controller\\HomeController::articleAction","id":"13","_route":"article"},"request_uri":"http://projet3/article/13","method":"GET"} []
[2017-04-06 12:04:29] microCMS.INFO: Populated the TokenStorage with an anonymous Token. [] []
[2017-04-06 12:08:54] microCMS.INFO: Matched route "{route}". {"route":"login","route_parameters":{"_controller":"microCMS\\Controller\\HomeController::loginAction","_route":"login"},"request_uri":"http://projet3/login","method":"GET"} []
[2017-04-06 12:08:54] microCMS.INFO: Populated the TokenStorage with an anonymous Token. [] []
[2017-04-06 12:09:32] microCMS.INFO: Matched route "{route}". {"route":"home","route_parameters":{"_controller":"microCMS\\Controller\\HomeController::indexAction","_route":"home"},"request_uri":"http://projet3/","method":"GET"} []
[2017-04-06 12:09:32] microCMS.INFO: Populated the TokenStorage with an anonymous Token. [] []
[2017-04-06 12:09:37] microCMS.INFO: Matched route "{route}". {"route":"article","route_parameters":{"_controller":"microCMS\\Controller\\HomeController::articleAction","id":"18","_route":"article"},"request_uri":"http://projet3/article/18","method":"GET"} []
[2017-04-06 12:09:37] microCMS.INFO: Populated the TokenStorage with an anonymous Token. [] []
[2017-04-06 12:16:10] microCMS.INFO: Matched route "{route}". {"route":"article","route_parameters":{"_controller":"microCMS\\Controller\\HomeController::articleAction","id":"18","_route":"article"},"request_uri":"http://projet3/article/18","method":"GET"} []
[2017-04-06 12:16:10] microCMS.INFO: Populated the TokenStorage with an anonymous Token. [] []
[2017-04-06 12:19:21] microCMS.INFO: Matched route "{route}". {"route":"login","route_parameters":{"_controller":"microCMS\\Controller\\HomeController::loginAction","_route":"login"},"request_uri":"http://projet3/login","method":"GET"} []
[2017-04-06 12:19:21] microCMS.INFO: Populated the TokenStorage with an anonymous Token. [] []
[2017-04-06 12:19:27] microCMS.INFO: Matched route "{route}". {"route":"login_check","route_parameters":{"_controller":null,"_route":"login_check"},"request_uri":"http://projet3/login_check","method":"POST"} []
[2017-04-06 12:19:28] microCMS.INFO: User has been authenticated successfully. {"username":"JohnDoe"} []
[2017-04-06 12:19:29] microCMS.INFO: Matched route "{route}". {"route":"home","route_parameters":{"_controller":"microCMS\\Controller\\HomeController::indexAction","_route":"home"},"request_uri":"http://projet3/","method":"GET"} []
[2017-04-06 12:19:33] microCMS.INFO: Matched route "{route}". {"route":"article","route_parameters":{"_controller":"microCMS\\Controller\\HomeController::articleAction","id":"21","_route":"article"},"request_uri":"http://projet3/article/21","method":"GET"} []
[2017-04-06 12:19:53] microCMS.INFO: Matched route "{route}". {"route":"article","route_parameters":{"_controller":"microCMS\\Controller\\HomeController::articleAction","id":"21","_route":"article"},"request_uri":"http://projet3/article/21","method":"POST"} []
[2017-04-06 12:19:57] microCMS.INFO: Matched route "{route}". {"route":"home","route_parameters":{"_controller":"microCMS\\Controller\\HomeController::indexAction","_route":"home"},"request_uri":"http://projet3/","method":"GET"} []
[2017-04-06 12:20:04] microCMS.INFO: Matched route "{route}". {"route":"home","route_parameters":{"_controller":"microCMS\\Controller\\HomeController::indexAction","_route":"home"},"request_uri":"http://projet3/","method":"GET"} []
[2017-04-06 12:20:10] microCMS.INFO: Matched route "{route}". {"route":"logout","route_parameters":{"_controller":null,"_route":"logout"},"request_uri":"http://projet3/logout","method":"GET"} []
[2017-04-06 12:20:11] microCMS.INFO: Matched route "{route}". {"route":"home","route_parameters":{"_controller":"microCMS\\Controller\\HomeController::indexAction","_route":"home"},"request_uri":"http://projet3/","method":"GET"} []
[2017-04-06 12:20:11] microCMS.INFO: Populated the TokenStorage with an anonymous Token. [] []
[2017-04-06 12:20:13] microCMS.INFO: Matched route "{route}". {"route":"login","route_parameters":{"_controller":"microCMS\\Controller\\HomeController::loginAction","_route":"login"},"request_uri":"http://projet3/login","method":"GET"} []
[2017-04-06 12:20:13] microCMS.INFO: Populated the TokenStorage with an anonymous Token. [] []
[2017-04-06 12:20:21] microCMS.INFO: Matched route "{route}". {"route":"login_check","route_parameters":{"_controller":null,"_route":"login_check"},"request_uri":"http://projet3/login_check","method":"POST"} []
[2017-04-06 12:20:23] microCMS.INFO: User has been authenticated successfully. {"username":"admin"} []
[2017-04-06 12:20:23] microCMS.INFO: Matched route "{route}". {"route":"home","route_parameters":{"_controller":"microCMS\\Controller\\HomeController::indexAction","_route":"home"},"request_uri":"http://projet3/","method":"GET"} []
[2017-04-06 12:20:26] microCMS.INFO: Matched route "{route}". {"route":"admin","route_parameters":{"_controller":"microCMS\\Controller\\AdminController::indexAction","_route":"admin"},"request_uri":"http://projet3/admin","method":"GET"} []
